Performing C SOURCE FILE Test CMAKE_HAVE_LIBC_PTHREAD failed with the following output:
Change Dir: /home/boyheaven/Vscode/work/serial/src/Serial/build/CMakeFiles/CMakeTmp

Run Build Command(s):/usr/bin/ninja cmTC_2a6fb && [1/2] Building C object CMakeFiles/cmTC_2a6fb.dir/src.c.o
[2/2] Linking C executable cmTC_2a6fb
FAILED: cmTC_2a6fb 
: && /usr/bin/cc -DCMAKE_HAVE_LIBC_PTHREAD  -rdynamic CMakeFiles/cmTC_2a6fb.dir/src.c.o  -o cmTC_2a6fb   && :
/usr/bin/ld: CMakeFiles/cmTC_2a6fb.dir/src.c.o: in function `main':
src.c:(.text+0x46): undefined reference to `pthread_create'
/usr/bin/ld: src.c:(.text+0x52): undefined reference to `pthread_detach'
/usr/bin/ld: src.c:(.text+0x63): undefined reference to `pthread_join'
collect2: error: ld returned 1 exit status
ninja: build stopped: subcommand failed.


Source file was:
#include <pthread.h>

void* test_func(void* data)
{
  return data;
}

int main(void)
{
  pthread_t thread;
  pthread_create(&thread, NULL, test_func, NULL);
  pthread_detach(thread);
  pthread_join(thread, NULL);
  pthread_atfork(NULL, NULL, NULL);
  pthread_exit(NULL);

  return 0;
}

Determining if the function pthread_create exists in the pthreads failed with the following output:
Change Dir: /home/boyheaven/Vscode/work/serial/src/Serial/build/CMakeFiles/CMakeTmp

Run Build Command(s):/usr/bin/ninja cmTC_0aa97 && [1/2] Building C object CMakeFiles/cmTC_0aa97.dir/CheckFunctionExists.c.o
[2/2] Linking C executable cmTC_0aa97
FAILED: cmTC_0aa97 
: && /usr/bin/cc -DCHECK_FUNCTION_EXISTS=pthread_create  -rdynamic CMakeFiles/cmTC_0aa97.dir/CheckFunctionExists.c.o  -o cmTC_0aa97  -lpthreads && :
/usr/bin/ld: 找不到 -lpthreads
collect2: error: ld returned 1 exit status
ninja: build stopped: subcommand failed.



Performing C SOURCE FILE Test CMAKE_HAVE_LIBC_PTHREAD failed with the following output:
Change Dir: /home/boyheaven/Vscode/work/serial/src/Serial/build/CMakeFiles/CMakeTmp

Run Build Command(s):/usr/bin/ninja cmTC_55a21 && [1/2] Building C object CMakeFiles/cmTC_55a21.dir/src.c.o
[2/2] Linking C executable cmTC_55a21
FAILED: cmTC_55a21 
: && /usr/bin/gcc -DCMAKE_HAVE_LIBC_PTHREAD  -rdynamic CMakeFiles/cmTC_55a21.dir/src.c.o  -o cmTC_55a21   && :
/usr/bin/ld: CMakeFiles/cmTC_55a21.dir/src.c.o: in function `main':
src.c:(.text+0x46): undefined reference to `pthread_create'
/usr/bin/ld: src.c:(.text+0x52): undefined reference to `pthread_detach'
/usr/bin/ld: src.c:(.text+0x63): undefined reference to `pthread_join'
collect2: error: ld returned 1 exit status
ninja: build stopped: subcommand failed.


Source file was:
#include <pthread.h>

void* test_func(void* data)
{
  return data;
}

int main(void)
{
  pthread_t thread;
  pthread_create(&thread, NULL, test_func, NULL);
  pthread_detach(thread);
  pthread_join(thread, NULL);
  pthread_atfork(NULL, NULL, NULL);
  pthread_exit(NULL);

  return 0;
}

Determining if the function pthread_create exists in the pthreads failed with the following output:
Change Dir: /home/boyheaven/Vscode/work/serial/src/Serial/build/CMakeFiles/CMakeTmp

Run Build Command(s):/usr/bin/ninja cmTC_f8dd5 && [1/2] Building C object CMakeFiles/cmTC_f8dd5.dir/CheckFunctionExists.c.o
[2/2] Linking C executable cmTC_f8dd5
FAILED: cmTC_f8dd5 
: && /usr/bin/gcc -DCHECK_FUNCTION_EXISTS=pthread_create  -rdynamic CMakeFiles/cmTC_f8dd5.dir/CheckFunctionExists.c.o  -o cmTC_f8dd5  -lpthreads && :
/usr/bin/ld: 找不到 -lpthreads
collect2: error: ld returned 1 exit status
ninja: build stopped: subcommand failed.



